<?xml version="1.0" encoding="UTF-8"?>
<coverage generated="1753650154407" clover="3.2.0">
  <project timestamp="1753650154407" name="All files">
    <metrics statements="65" coveredstatements="59" conditionals="35" coveredconditionals="25" methods="23" coveredmethods="20" elements="123" coveredelements="104" complexity="0" loc="65" ncloc="65" packages="6" files="6" classes="6"/>
    <package name="components.Header">
      <metrics statements="6" coveredstatements="6" conditionals="7" coveredconditionals="4" methods="1" coveredmethods="1"/>
      <file name="index.js" path="C:\Users\Fernando\Documents\GroovesLibrarypt2\grooveslibrarypt2\src\components\Header\index.js">
        <metrics statements="6" coveredstatements="6" conditionals="7" coveredconditionals="4" methods="1" coveredmethods="1"/>
        <line num="10" count="2" type="stmt"/>
        <line num="11" count="4" type="stmt"/>
        <line num="12" count="4" type="stmt"/>
        <line num="14" count="4" type="cond" truecount="1" falsecount="2"/>
        <line num="15" count="4" type="stmt"/>
        <line num="17" count="4" type="stmt"/>
      </file>
    </package>
    <package name="components.Library">
      <metrics statements="27" coveredstatements="25" conditionals="16" coveredconditionals="13" methods="9" coveredmethods="9"/>
      <file name="index.js" path="C:\Users\Fernando\Documents\GroovesLibrarypt2\grooveslibrarypt2\src\components\Library\index.js">
        <metrics statements="27" coveredstatements="25" conditionals="16" coveredconditionals="13" methods="9" coveredmethods="9"/>
        <line num="11" count="2" type="stmt"/>
        <line num="12" count="9" type="stmt"/>
        <line num="13" count="9" type="stmt"/>
        <line num="14" count="9" type="stmt"/>
        <line num="16" count="16" type="stmt"/>
        <line num="17" count="9" type="stmt"/>
        <line num="19" count="9" type="stmt"/>
        <line num="20" count="1" type="stmt"/>
        <line num="24" count="9" type="stmt"/>
        <line num="25" count="1" type="cond" truecount="1" falsecount="1"/>
        <line num="26" count="0" type="stmt"/>
        <line num="29" count="1" type="stmt"/>
        <line num="30" count="1" type="cond" truecount="1" falsecount="1"/>
        <line num="31" count="1" type="stmt"/>
        <line num="32" count="1" type="stmt"/>
        <line num="33" count="1" type="stmt"/>
        <line num="34" count="1" type="stmt"/>
        <line num="35" count="1" type="stmt"/>
        <line num="37" count="0" type="stmt"/>
        <line num="39" count="1" type="stmt"/>
        <line num="45" count="9" type="cond" truecount="4" falsecount="0"/>
        <line num="46" count="3" type="stmt"/>
        <line num="50" count="6" type="stmt"/>
        <line num="55" count="6" type="stmt"/>
        <line num="67" count="1" type="stmt"/>
        <line num="78" count="3" type="stmt"/>
        <line num="89" count="1" type="stmt"/>
      </file>
    </package>
    <package name="components.SearchInput">
      <metrics statements="6" coveredstatements="6" conditionals="2" coveredconditionals="1" methods="3" coveredmethods="3"/>
      <file name="index.js" path="C:\Users\Fernando\Documents\GroovesLibrarypt2\grooveslibrarypt2\src\components\SearchInput\index.js">
        <metrics statements="6" coveredstatements="6" conditionals="2" coveredconditionals="1" methods="3" coveredmethods="3"/>
        <line num="6" count="2" type="stmt"/>
        <line num="10" count="7" type="stmt"/>
        <line num="18" count="2" type="stmt"/>
        <line num="20" count="1" type="cond" truecount="1" falsecount="1"/>
        <line num="21" count="1" type="stmt"/>
        <line num="22" count="1" type="stmt"/>
      </file>
    </package>
    <package name="components.SearchResults">
      <metrics statements="20" coveredstatements="17" conditionals="10" coveredconditionals="7" methods="7" coveredmethods="5"/>
      <file name="index.js" path="C:\Users\Fernando\Documents\GroovesLibrarypt2\grooveslibrarypt2\src\components\SearchResults\index.js">
        <metrics statements="20" coveredstatements="17" conditionals="10" coveredconditionals="7" methods="7" coveredmethods="5"/>
        <line num="7" count="2" type="stmt"/>
        <line num="8" count="6" type="stmt"/>
        <line num="9" count="6" type="stmt"/>
        <line num="10" count="6" type="stmt"/>
        <line num="12" count="6" type="stmt"/>
        <line num="13" count="1" type="cond" truecount="1" falsecount="1"/>
        <line num="14" count="0" type="stmt"/>
        <line num="16" count="1" type="stmt"/>
        <line num="17" count="1" type="cond" truecount="1" falsecount="1"/>
        <line num="18" count="1" type="stmt"/>
        <line num="19" count="1" type="stmt"/>
        <line num="20" count="1" type="stmt"/>
        <line num="23" count="1" type="stmt"/>
        <line num="25" count="0" type="stmt"/>
        <line num="27" count="1" type="stmt"/>
        <line num="33" count="6" type="stmt"/>
        <line num="36" count="12" type="stmt"/>
        <line num="41" count="1" type="stmt"/>
        <line num="53" count="0" type="stmt"/>
        <line num="67" count="1" type="stmt"/>
      </file>
    </package>
    <package name="redux.slices">
      <metrics statements="5" coveredstatements="4" conditionals="0" coveredconditionals="0" methods="3" coveredmethods="2"/>
      <file name="librarySlice.js" path="C:\Users\Fernando\Documents\GroovesLibrarypt2\grooveslibrarypt2\src\redux\slices\librarySlice.js">
        <metrics statements="5" coveredstatements="4" conditionals="0" coveredconditionals="0" methods="3" coveredmethods="2"/>
        <line num="3" count="2" type="stmt"/>
        <line num="10" count="0" type="stmt"/>
        <line num="13" count="1" type="stmt"/>
        <line num="20" count="2" type="stmt"/>
        <line num="21" count="2" type="stmt"/>
      </file>
    </package>
    <package name="theme">
      <metrics statements="1" coveredstatements="1" conditionals="0" coveredconditionals="0" methods="0" coveredmethods="0"/>
      <file name="index.js" path="C:\Users\Fernando\Documents\GroovesLibrarypt2\grooveslibrarypt2\src\theme\index.js">
        <metrics statements="1" coveredstatements="1" conditionals="0" coveredconditionals="0" methods="0" coveredmethods="0"/>
        <line num="1" count="4" type="stmt"/>
      </file>
    </package>
  </project>
</coverage>
