{"C:\\Users\\Fernando\\Documents\\GroovesLibrarypt2\\grooveslibrarypt2\\src\\components\\Header\\index.js": {"path":"C:\\Users\\Fernando\\Documents\\GroovesLibrarypt2\\grooveslibrarypt2\\src\\components\\Header\\index.js","statementMap":{"0":{"start":{"line":10,"column":15},"end":{"line":37,"column":1}},"1":{"start":{"line":11,"column":19},"end":{"line":11,"column":32}},"2":{"start":{"line":12,"column":21},"end":{"line":12,"column":38}},"3":{"start":{"line":14,"column":26},"end":{"line":14,"column":122}},"4":{"start":{"line":15,"column":23},"end":{"line":15,"column":41}},"5":{"start":{"line":17,"column":2},"end":{"line":36,"column":4}}},"fnMap":{"0":{"name":"(anonymous_0)","decl":{"start":{"line":10,"column":15},"end":{"line":10,"column":16}},"loc":{"start":{"line":10,"column":21},"end":{"line":37,"column":1}},"line":10}},"branchMap":{"0":{"loc":{"start":{"line":14,"column":26},"end":{"line":14,"column":122}},"type":"binary-expr","locations":[{"start":{"line":14,"column":26},"end":{"line":14,"column":44}},{"start":{"line":14,"column":48},"end":{"line":14,"column":79}},{"start":{"line":14,"column":83},"end":{"line":14,"column":122}}],"line":14},"1":{"loc":{"start":{"line":22,"column":7},"end":{"line":26,"column":7}},"type":"binary-expr","locations":[{"start":{"line":22,"column":7},"end":{"line":22,"column":22}},{"start":{"line":23,"column":8},"end":{"line":25,"column":13}}],"line":22},"2":{"loc":{"start":{"line":28,"column":7},"end":{"line":32,"column":7}},"type":"binary-expr","locations":[{"start":{"line":28,"column":7},"end":{"line":28,"column":19}},{"start":{"line":29,"column":8},"end":{"line":31,"column":15}}],"line":28}},"s":{"0":2,"1":4,"2":4,"3":4,"4":4,"5":4},"f":{"0":4},"b":{"0":[4,0,0],"1":[4,4],"2":[4,0]},"_coverageSchema":"1a1c01bbd47fc00a2c39e90264f33305004495a9","hash":"80fdfa2f204d06effd7d70aa74304ef50abaf9a4"}
,"C:\\Users\\Fernando\\Documents\\GroovesLibrarypt2\\grooveslibrarypt2\\src\\components\\Library\\index.js": {"path":"C:\\Users\\Fernando\\Documents\\GroovesLibrarypt2\\grooveslibrarypt2\\src\\components\\Library\\index.js","statementMap":{"0":{"start":{"line":11,"column":16},"end":{"line":95,"column":1}},"1":{"start":{"line":12,"column":48},"end":{"line":12,"column":62}},"2":{"start":{"line":13,"column":30},"end":{"line":13,"column":42}},"3":{"start":{"line":14,"column":32},"end":{"line":14,"column":47}},"4":{"start":{"line":16,"column":18},"end":{"line":16,"column":63}},"5":{"start":{"line":16,"column":41},"end":{"line":16,"column":62}},"6":{"start":{"line":17,"column":19},"end":{"line":17,"column":32}},"7":{"start":{"line":19,"column":28},"end":{"line":21,"column":3}},"8":{"start":{"line":20,"column":6},"end":{"line":20,"column":31}},"9":{"start":{"line":24,"column":23},"end":{"line":43,"column":3}},"10":{"start":{"line":25,"column":4},"end":{"line":42,"column":5}},"11":{"start":{"line":26,"column":6},"end":{"line":26,"column":31}},"12":{"start":{"line":29,"column":6},"end":{"line":29,"column":34}},"13":{"start":{"line":30,"column":6},"end":{"line":41,"column":7}},"14":{"start":{"line":31,"column":8},"end":{"line":31,"column":25}},"15":{"start":{"line":32,"column":8},"end":{"line":40,"column":9}},"16":{"start":{"line":33,"column":22},"end":{"line":33,"column":106}},"17":{"start":{"line":34,"column":27},"end":{"line":34,"column":47}},"18":{"start":{"line":35,"column":10},"end":{"line":35,"column":76}},"19":{"start":{"line":35,"column":31},"end":{"line":35,"column":73}},"20":{"start":{"line":37,"column":10},"end":{"line":37,"column":61}},"21":{"start":{"line":39,"column":10},"end":{"line":39,"column":28}},"22":{"start":{"line":45,"column":2},"end":{"line":47,"column":3}},"23":{"start":{"line":46,"column":4},"end":{"line":46,"column":61}},"24":{"start":{"line":50,"column":2},"end":{"line":94,"column":4}},"25":{"start":{"line":55,"column":10},"end":{"line":90,"column":24}},"26":{"start":{"line":67,"column":31},"end":{"line":67,"column":52}},"27":{"start":{"line":78,"column":24},"end":{"line":81,"column":34}},"28":{"start":{"line":89,"column":71},"end":{"line":89,"column":97}}},"fnMap":{"0":{"name":"(anonymous_0)","decl":{"start":{"line":11,"column":16},"end":{"line":11,"column":17}},"loc":{"start":{"line":11,"column":22},"end":{"line":95,"column":1}},"line":11},"1":{"name":"(anonymous_1)","decl":{"start":{"line":16,"column":30},"end":{"line":16,"column":31}},"loc":{"start":{"line":16,"column":41},"end":{"line":16,"column":62}},"line":16},"2":{"name":"(anonymous_2)","decl":{"start":{"line":19,"column":28},"end":{"line":19,"column":29}},"loc":{"start":{"line":19,"column":36},"end":{"line":21,"column":3}},"line":19},"3":{"name":"(anonymous_3)","decl":{"start":{"line":24,"column":23},"end":{"line":24,"column":24}},"loc":{"start":{"line":24,"column":42},"end":{"line":43,"column":3}},"line":24},"4":{"name":"(anonymous_4)","decl":{"start":{"line":35,"column":20},"end":{"line":35,"column":21}},"loc":{"start":{"line":35,"column":31},"end":{"line":35,"column":73}},"line":35},"5":{"name":"(anonymous_5)","decl":{"start":{"line":54,"column":21},"end":{"line":54,"column":22}},"loc":{"start":{"line":55,"column":10},"end":{"line":90,"column":24}},"line":55},"6":{"name":"(anonymous_6)","decl":{"start":{"line":67,"column":25},"end":{"line":67,"column":26}},"loc":{"start":{"line":67,"column":31},"end":{"line":67,"column":52}},"line":67},"7":{"name":"(anonymous_7)","decl":{"start":{"line":77,"column":51},"end":{"line":77,"column":52}},"loc":{"start":{"line":78,"column":24},"end":{"line":81,"column":34}},"line":78},"8":{"name":"(anonymous_8)","decl":{"start":{"line":89,"column":65},"end":{"line":89,"column":66}},"loc":{"start":{"line":89,"column":71},"end":{"line":89,"column":97}},"line":89}},"branchMap":{"0":{"loc":{"start":{"line":25,"column":4},"end":{"line":42,"column":5}},"type":"if","locations":[{"start":{"line":25,"column":4},"end":{"line":42,"column":5}},{"start":{"line":27,"column":11},"end":{"line":42,"column":5}}],"line":25},"1":{"loc":{"start":{"line":30,"column":6},"end":{"line":41,"column":7}},"type":"if","locations":[{"start":{"line":30,"column":6},"end":{"line":41,"column":7}},{"start":{},"end":{}}],"line":30},"2":{"loc":{"start":{"line":45,"column":2},"end":{"line":47,"column":3}},"type":"if","locations":[{"start":{"line":45,"column":2},"end":{"line":47,"column":3}},{"start":{},"end":{}}],"line":45},"3":{"loc":{"start":{"line":45,"column":6},"end":{"line":45,"column":38}},"type":"binary-expr","locations":[{"start":{"line":45,"column":6},"end":{"line":45,"column":14}},{"start":{"line":45,"column":18},"end":{"line":45,"column":38}}],"line":45},"4":{"loc":{"start":{"line":68,"column":17},"end":{"line":68,"column":88}},"type":"cond-expr","locations":[{"start":{"line":68,"column":47},"end":{"line":68,"column":66}},{"start":{"line":68,"column":69},"end":{"line":68,"column":88}}],"line":68},"5":{"loc":{"start":{"line":71,"column":15},"end":{"line":88,"column":15}},"type":"binary-expr","locations":[{"start":{"line":71,"column":15},"end":{"line":71,"column":42}},{"start":{"line":72,"column":16},"end":{"line":87,"column":32}}],"line":71},"6":{"loc":{"start":{"line":73,"column":19},"end":{"line":85,"column":19}},"type":"cond-expr","locations":[{"start":{"line":74,"column":20},"end":{"line":74,"column":68}},{"start":{"line":76,"column":20},"end":{"line":84,"column":32}}],"line":73},"7":{"loc":{"start":{"line":77,"column":24},"end":{"line":77,"column":45}},"type":"binary-expr","locations":[{"start":{"line":77,"column":24},"end":{"line":77,"column":39}},{"start":{"line":77,"column":43},"end":{"line":77,"column":45}}],"line":77}},"s":{"0":2,"1":9,"2":9,"3":9,"4":9,"5":16,"6":9,"7":9,"8":1,"9":9,"10":1,"11":0,"12":1,"13":1,"14":1,"15":1,"16":1,"17":1,"18":1,"19":1,"20":0,"21":1,"22":9,"23":3,"24":6,"25":6,"26":1,"27":3,"28":1},"f":{"0":9,"1":16,"2":1,"3":1,"4":1,"5":6,"6":1,"7":3,"8":1},"b":{"0":[0,1],"1":[1,0],"2":[3,6],"3":[9,9],"4":[2,4],"5":[6,2],"6":[1,1],"7":[1,0]},"_coverageSchema":"1a1c01bbd47fc00a2c39e90264f33305004495a9","hash":"a484697b5d9bfe5c4a214ee2f956d7ec78e76848"}
,"C:\\Users\\Fernando\\Documents\\GroovesLibrarypt2\\grooveslibrarypt2\\src\\components\\SearchInput\\index.js": {"path":"C:\\Users\\Fernando\\Documents\\GroovesLibrarypt2\\grooveslibrarypt2\\src\\components\\SearchInput\\index.js","statementMap":{"0":{"start":{"line":6,"column":20},"end":{"line":33,"column":1}},"1":{"start":{"line":10,"column":4},"end":{"line":32,"column":21}},"2":{"start":{"line":18,"column":29},"end":{"line":18,"column":54}},"3":{"start":{"line":20,"column":14},"end":{"line":23,"column":15}},"4":{"start":{"line":21,"column":16},"end":{"line":21,"column":35}},"5":{"start":{"line":22,"column":16},"end":{"line":22,"column":31}}},"fnMap":{"0":{"name":"(anonymous_0)","decl":{"start":{"line":6,"column":20},"end":{"line":6,"column":21}},"loc":{"start":{"line":10,"column":4},"end":{"line":32,"column":21}},"line":10},"1":{"name":"(anonymous_1)","decl":{"start":{"line":18,"column":22},"end":{"line":18,"column":23}},"loc":{"start":{"line":18,"column":29},"end":{"line":18,"column":54}},"line":18},"2":{"name":"(anonymous_2)","decl":{"start":{"line":19,"column":23},"end":{"line":19,"column":24}},"loc":{"start":{"line":19,"column":30},"end":{"line":24,"column":13}},"line":19}},"branchMap":{"0":{"loc":{"start":{"line":20,"column":14},"end":{"line":23,"column":15}},"type":"if","locations":[{"start":{"line":20,"column":14},"end":{"line":23,"column":15}},{"start":{},"end":{}}],"line":20}},"s":{"0":2,"1":7,"2":2,"3":1,"4":1,"5":1},"f":{"0":7,"1":2,"2":1},"b":{"0":[1,0]},"_coverageSchema":"1a1c01bbd47fc00a2c39e90264f33305004495a9","hash":"299dc46e24c1b81ba9f2b9e305cc2e8c8357bfb0"}
,"C:\\Users\\Fernando\\Documents\\GroovesLibrarypt2\\grooveslibrarypt2\\src\\components\\SearchResults\\index.js": {"path":"C:\\Users\\Fernando\\Documents\\GroovesLibrarypt2\\grooveslibrarypt2\\src\\components\\SearchResults\\index.js","statementMap":{"0":{"start":{"line":7,"column":22},"end":{"line":79,"column":1}},"1":{"start":{"line":8,"column":48},"end":{"line":8,"column":62}},"2":{"start":{"line":9,"column":30},"end":{"line":9,"column":42}},"3":{"start":{"line":10,"column":32},"end":{"line":10,"column":47}},"4":{"start":{"line":12,"column":23},"end":{"line":31,"column":3}},"5":{"start":{"line":13,"column":4},"end":{"line":30,"column":5}},"6":{"start":{"line":14,"column":6},"end":{"line":14,"column":31}},"7":{"start":{"line":16,"column":6},"end":{"line":16,"column":34}},"8":{"start":{"line":17,"column":6},"end":{"line":29,"column":7}},"9":{"start":{"line":18,"column":8},"end":{"line":18,"column":25}},"10":{"start":{"line":19,"column":8},"end":{"line":28,"column":9}},"11":{"start":{"line":20,"column":27},"end":{"line":22,"column":11}},"12":{"start":{"line":23,"column":10},"end":{"line":23,"column":76}},"13":{"start":{"line":23,"column":31},"end":{"line":23,"column":73}},"14":{"start":{"line":25,"column":10},"end":{"line":25,"column":31}},"15":{"start":{"line":27,"column":10},"end":{"line":27,"column":28}},"16":{"start":{"line":33,"column":2},"end":{"line":78,"column":4}},"17":{"start":{"line":36,"column":8},"end":{"line":75,"column":17}},"18":{"start":{"line":41,"column":58},"end":{"line":41,"column":80}},"19":{"start":{"line":53,"column":20},"end":{"line":56,"column":32}},"20":{"start":{"line":67,"column":12},"end":{"line":67,"column":50}}},"fnMap":{"0":{"name":"(anonymous_0)","decl":{"start":{"line":7,"column":22},"end":{"line":7,"column":23}},"loc":{"start":{"line":7,"column":66},"end":{"line":79,"column":1}},"line":7},"1":{"name":"(anonymous_1)","decl":{"start":{"line":12,"column":23},"end":{"line":12,"column":24}},"loc":{"start":{"line":12,"column":42},"end":{"line":31,"column":3}},"line":12},"2":{"name":"(anonymous_2)","decl":{"start":{"line":23,"column":20},"end":{"line":23,"column":21}},"loc":{"start":{"line":23,"column":31},"end":{"line":23,"column":73}},"line":23},"3":{"name":"(anonymous_3)","decl":{"start":{"line":35,"column":18},"end":{"line":35,"column":19}},"loc":{"start":{"line":36,"column":8},"end":{"line":75,"column":17}},"line":36},"4":{"name":"(anonymous_4)","decl":{"start":{"line":41,"column":52},"end":{"line":41,"column":53}},"loc":{"start":{"line":41,"column":58},"end":{"line":41,"column":80}},"line":41},"5":{"name":"(anonymous_5)","decl":{"start":{"line":52,"column":41},"end":{"line":52,"column":42}},"loc":{"start":{"line":53,"column":20},"end":{"line":56,"column":32}},"line":53},"6":{"name":"(anonymous_6)","decl":{"start":{"line":65,"column":19},"end":{"line":65,"column":20}},"loc":{"start":{"line":65,"column":25},"end":{"line":68,"column":11}},"line":65}},"branchMap":{"0":{"loc":{"start":{"line":13,"column":4},"end":{"line":30,"column":5}},"type":"if","locations":[{"start":{"line":13,"column":4},"end":{"line":30,"column":5}},{"start":{"line":15,"column":11},"end":{"line":30,"column":5}}],"line":13},"1":{"loc":{"start":{"line":17,"column":6},"end":{"line":29,"column":7}},"type":"if","locations":[{"start":{"line":17,"column":6},"end":{"line":29,"column":7}},{"start":{},"end":{}}],"line":17},"2":{"loc":{"start":{"line":42,"column":13},"end":{"line":42,"column":85}},"type":"cond-expr","locations":[{"start":{"line":42,"column":44},"end":{"line":42,"column":63}},{"start":{"line":42,"column":66},"end":{"line":42,"column":85}}],"line":42},"3":{"loc":{"start":{"line":46,"column":11},"end":{"line":61,"column":11}},"type":"binary-expr","locations":[{"start":{"line":46,"column":11},"end":{"line":46,"column":39}},{"start":{"line":47,"column":12},"end":{"line":60,"column":23}}],"line":46},"4":{"loc":{"start":{"line":48,"column":15},"end":{"line":59,"column":15}},"type":"cond-expr","locations":[{"start":{"line":49,"column":16},"end":{"line":49,"column":56}},{"start":{"line":51,"column":16},"end":{"line":58,"column":27}}],"line":48}},"s":{"0":2,"1":6,"2":6,"3":6,"4":6,"5":1,"6":0,"7":1,"8":1,"9":1,"10":1,"11":1,"12":1,"13":0,"14":0,"15":1,"16":6,"17":12,"18":1,"19":0,"20":1},"f":{"0":6,"1":1,"2":0,"3":12,"4":1,"5":0,"6":1},"b":{"0":[0,1],"1":[1,0],"2":[1,11],"3":[12,1],"4":[1,0]},"_coverageSchema":"1a1c01bbd47fc00a2c39e90264f33305004495a9","hash":"2509e3d05a35f54ab6c64cf8b1b319a1f28bd700"}
,"C:\\Users\\Fernando\\Documents\\GroovesLibrarypt2\\grooveslibrarypt2\\src\\redux\\slices\\librarySlice.js": {"path":"C:\\Users\\Fernando\\Documents\\GroovesLibrarypt2\\grooveslibrarypt2\\src\\redux\\slices\\librarySlice.js","statementMap":{"0":{"start":{"line":3,"column":21},"end":{"line":17,"column":2}},"1":{"start":{"line":10,"column":12},"end":{"line":10,"column":46}},"2":{"start":{"line":13,"column":12},"end":{"line":13,"column":86}},"3":{"start":{"line":13,"column":58},"end":{"line":13,"column":85}},"4":{"start":{"line":20,"column":40},"end":{"line":20,"column":60}},"5":{"start":{"line":21,"column":35},"end":{"line":21,"column":47}}},"fnMap":{"0":{"name":"(anonymous_0)","decl":{"start":{"line":9,"column":18},"end":{"line":9,"column":19}},"loc":{"start":{"line":9,"column":37},"end":{"line":11,"column":9}},"line":9},"1":{"name":"(anonymous_1)","decl":{"start":{"line":12,"column":21},"end":{"line":12,"column":22}},"loc":{"start":{"line":12,"column":40},"end":{"line":14,"column":9}},"line":12},"2":{"name":"(anonymous_2)","decl":{"start":{"line":13,"column":49},"end":{"line":13,"column":50}},"loc":{"start":{"line":13,"column":58},"end":{"line":13,"column":85}},"line":13}},"branchMap":{},"s":{"0":2,"1":0,"2":1,"3":1,"4":2,"5":2},"f":{"0":0,"1":1,"2":1},"b":{},"_coverageSchema":"1a1c01bbd47fc00a2c39e90264f33305004495a9","hash":"75c371f0c52ee45166b159d45936f512188d5f3e"}
,"C:\\Users\\Fernando\\Documents\\GroovesLibrarypt2\\grooveslibrarypt2\\src\\theme\\index.js": {"path":"C:\\Users\\Fernando\\Documents\\GroovesLibrarypt2\\grooveslibrarypt2\\src\\theme\\index.js","statementMap":{"0":{"start":{"line":1,"column":14},"end":{"line":13,"column":1}}},"fnMap":{},"branchMap":{},"s":{"0":4},"f":{},"b":{},"_coverageSchema":"1a1c01bbd47fc00a2c39e90264f33305004495a9","hash":"c9b06616cb5e35d5f9851479b93ec1cd6de63056"}
}
