TN:
SF:src\components\Header\index.js
FN:10,(anonymous_0)
FNF:1
FNH:1
FNDA:4,(anonymous_0)
DA:10,2
DA:11,4
DA:12,4
DA:14,4
DA:15,4
DA:17,4
LF:6
LH:6
BRDA:14,0,0,4
BRDA:14,0,1,0
BRDA:14,0,2,0
BRDA:22,1,0,4
BRDA:22,1,1,4
BRDA:28,2,0,4
BRDA:28,2,1,0
BRF:7
BRH:4
end_of_record
TN:
SF:src\components\Library\index.js
FN:11,(anonymous_0)
FN:16,(anonymous_1)
FN:19,(anonymous_2)
FN:24,(anonymous_3)
FN:35,(anonymous_4)
FN:54,(anonymous_5)
FN:67,(anonymous_6)
FN:77,(anonymous_7)
FN:89,(anonymous_8)
FNF:9
FNH:9
FNDA:9,(anonymous_0)
FNDA:16,(anonymous_1)
FNDA:1,(anonymous_2)
FNDA:1,(anonymous_3)
FNDA:1,(anonymous_4)
FNDA:6,(anonymous_5)
FNDA:1,(anonymous_6)
FNDA:3,(anonymous_7)
FNDA:1,(anonymous_8)
DA:11,2
DA:12,9
DA:13,9
DA:14,9
DA:16,16
DA:17,9
DA:19,9
DA:20,1
DA:24,9
DA:25,1
DA:26,0
DA:29,1
DA:30,1
DA:31,1
DA:32,1
DA:33,1
DA:34,1
DA:35,1
DA:37,0
DA:39,1
DA:45,9
DA:46,3
DA:50,6
DA:55,6
DA:67,1
DA:78,3
DA:89,1
LF:27
LH:25
BRDA:25,0,0,0
BRDA:25,0,1,1
BRDA:30,1,0,1
BRDA:30,1,1,0
BRDA:45,2,0,3
BRDA:45,2,1,6
BRDA:45,3,0,9
BRDA:45,3,1,9
BRDA:68,4,0,2
BRDA:68,4,1,4
BRDA:71,5,0,6
BRDA:71,5,1,2
BRDA:73,6,0,1
BRDA:73,6,1,1
BRDA:77,7,0,1
BRDA:77,7,1,0
BRF:16
BRH:13
end_of_record
TN:
SF:src\components\SearchInput\index.js
FN:6,(anonymous_0)
FN:18,(anonymous_1)
FN:19,(anonymous_2)
FNF:3
FNH:3
FNDA:7,(anonymous_0)
FNDA:2,(anonymous_1)
FNDA:1,(anonymous_2)
DA:6,2
DA:10,7
DA:18,2
DA:20,1
DA:21,1
DA:22,1
LF:6
LH:6
BRDA:20,0,0,1
BRDA:20,0,1,0
BRF:2
BRH:1
end_of_record
TN:
SF:src\components\SearchResults\index.js
FN:7,(anonymous_0)
FN:12,(anonymous_1)
FN:23,(anonymous_2)
FN:35,(anonymous_3)
FN:41,(anonymous_4)
FN:52,(anonymous_5)
FN:65,(anonymous_6)
FNF:7
FNH:5
FNDA:6,(anonymous_0)
FNDA:1,(anonymous_1)
FNDA:0,(anonymous_2)
FNDA:12,(anonymous_3)
FNDA:1,(anonymous_4)
FNDA:0,(anonymous_5)
FNDA:1,(anonymous_6)
DA:7,2
DA:8,6
DA:9,6
DA:10,6
DA:12,6
DA:13,1
DA:14,0
DA:16,1
DA:17,1
DA:18,1
DA:19,1
DA:20,1
DA:23,1
DA:25,0
DA:27,1
DA:33,6
DA:36,12
DA:41,1
DA:53,0
DA:67,1
LF:20
LH:17
BRDA:13,0,0,0
BRDA:13,0,1,1
BRDA:17,1,0,1
BRDA:17,1,1,0
BRDA:42,2,0,1
BRDA:42,2,1,11
BRDA:46,3,0,12
BRDA:46,3,1,1
BRDA:48,4,0,1
BRDA:48,4,1,0
BRF:10
BRH:7
end_of_record
TN:
SF:src\redux\slices\librarySlice.js
FN:9,(anonymous_0)
FN:12,(anonymous_1)
FN:13,(anonymous_2)
FNF:3
FNH:2
FNDA:0,(anonymous_0)
FNDA:1,(anonymous_1)
FNDA:1,(anonymous_2)
DA:3,2
DA:10,0
DA:13,1
DA:20,2
DA:21,2
LF:5
LH:4
BRF:0
BRH:0
end_of_record
TN:
SF:src\theme\index.js
FNF:0
FNH:0
DA:1,4
LF:1
LH:1
BRF:0
BRH:0
end_of_record
